<?xml version="1.0" encoding="UTF-8"?>
<testsuites>
  <testsuite name="/home/davee3/dbwebb-kurser/mvc/me/report/tests" tests="44" assertions="440" errors="0" warnings="0" failures="0" skipped="0" time="0.048168">
    <testsuite name="CardDeckTest" file="/home/davee3/dbwebb-kurser/mvc/me/report/tests/Card/CardDeckTest.php" tests="10" assertions="236" errors="0" warnings="0" failures="0" skipped="0" time="0.029602">
      <testcase name="testGetCards" class="CardDeckTest" classname="CardDeckTest" file="/home/davee3/dbwebb-kurser/mvc/me/report/tests/Card/CardDeckTest.php" line="15" assertions="156" time="0.003240"/>
      <testcase name="testCardsAreInstanceOfCardAndCorrectSwagIsDeployed" class="CardDeckTest" classname="CardDeckTest" file="/home/davee3/dbwebb-kurser/mvc/me/report/tests/Card/CardDeckTest.php" line="28" assertions="53" time="0.000915"/>
      <testcase name="testDeal" class="CardDeckTest" classname="CardDeckTest" file="/home/davee3/dbwebb-kurser/mvc/me/report/tests/Card/CardDeckTest.php" line="38" assertions="1" time="0.000419"/>
      <testcase name="testCardsLeft" class="CardDeckTest" classname="CardDeckTest" file="/home/davee3/dbwebb-kurser/mvc/me/report/tests/Card/CardDeckTest.php" line="45" assertions="1" time="0.000586"/>
      <testcase name="testShuffle" class="CardDeckTest" classname="CardDeckTest" file="/home/davee3/dbwebb-kurser/mvc/me/report/tests/Card/CardDeckTest.php" line="51" assertions="2" time="0.008238"/>
      <testcase name="testGetCardsByRankNSuit" class="CardDeckTest" classname="CardDeckTest" file="/home/davee3/dbwebb-kurser/mvc/me/report/tests/Card/CardDeckTest.php" line="60" assertions="2" time="0.000460"/>
      <testcase name="testGetCardsByRankNSuitNull" class="CardDeckTest" classname="CardDeckTest" file="/home/davee3/dbwebb-kurser/mvc/me/report/tests/Card/CardDeckTest.php" line="67" assertions="1" time="0.000622"/>
      <testcase name="testGetCardsByRank" class="CardDeckTest" classname="CardDeckTest" file="/home/davee3/dbwebb-kurser/mvc/me/report/tests/Card/CardDeckTest.php" line="73" assertions="8" time="0.000522"/>
      <testcase name="testSort" class="CardDeckTest" classname="CardDeckTest" file="/home/davee3/dbwebb-kurser/mvc/me/report/tests/Card/CardDeckTest.php" line="84" assertions="3" time="0.013866"/>
      <testcase name="testCardCount" class="CardDeckTest" classname="CardDeckTest" file="/home/davee3/dbwebb-kurser/mvc/me/report/tests/Card/CardDeckTest.php" line="95" assertions="9" time="0.000733"/>
    </testsuite>
    <testsuite name="App\Card\CardGraphicTwoTest" file="/home/davee3/dbwebb-kurser/mvc/me/report/tests/Card/CardGraphicTwoTest.php" tests="1" assertions="3" errors="0" warnings="0" failures="0" skipped="0" time="0.000444">
      <testcase name="testGetCardImage" class="App\Card\CardGraphicTwoTest" classname="App.Card.CardGraphicTwoTest" file="/home/davee3/dbwebb-kurser/mvc/me/report/tests/Card/CardGraphicTwoTest.php" line="15" assertions="3" time="0.000444"/>
    </testsuite>
    <testsuite name="App\Card\CardTest" file="/home/davee3/dbwebb-kurser/mvc/me/report/tests/Card/CardTest.php" tests="7" assertions="7" errors="0" warnings="0" failures="0" skipped="0" time="0.002587">
      <testcase name="testGetSuit" class="App\Card\CardTest" classname="App.Card.CardTest" file="/home/davee3/dbwebb-kurser/mvc/me/report/tests/Card/CardTest.php" line="13" assertions="1" time="0.000307"/>
      <testcase name="testGetRank" class="App\Card\CardTest" classname="App.Card.CardTest" file="/home/davee3/dbwebb-kurser/mvc/me/report/tests/Card/CardTest.php" line="20" assertions="1" time="0.000363"/>
      <testcase name="testGetValueForNumericRank" class="App\Card\CardTest" classname="App.Card.CardTest" file="/home/davee3/dbwebb-kurser/mvc/me/report/tests/Card/CardTest.php" line="27" assertions="1" time="0.000406"/>
      <testcase name="testGetValueForSpecialRank" class="App\Card\CardTest" classname="App.Card.CardTest" file="/home/davee3/dbwebb-kurser/mvc/me/report/tests/Card/CardTest.php" line="34" assertions="1" time="0.000401"/>
      <testcase name="testGetValue2ForSpecialRank" class="App\Card\CardTest" classname="App.Card.CardTest" file="/home/davee3/dbwebb-kurser/mvc/me/report/tests/Card/CardTest.php" line="41" assertions="1" time="0.000420"/>
      <testcase name="testToString" class="App\Card\CardTest" classname="App.Card.CardTest" file="/home/davee3/dbwebb-kurser/mvc/me/report/tests/Card/CardTest.php" line="48" assertions="1" time="0.000385"/>
      <testcase name="testToArray" class="App\Card\CardTest" classname="App.Card.CardTest" file="/home/davee3/dbwebb-kurser/mvc/me/report/tests/Card/CardTest.php" line="56" assertions="1" time="0.000305"/>
    </testsuite>
    <testsuite name="DeckTest" file="/home/davee3/dbwebb-kurser/mvc/me/report/tests/DeckTest.php" tests="1" assertions="156" errors="0" warnings="0" failures="0" skipped="0" time="0.001633">
      <testcase name="testGetCards" class="DeckTest" classname="DeckTest" file="/home/davee3/dbwebb-kurser/mvc/me/report/tests/DeckTest.php" line="10" assertions="156" time="0.001633"/>
    </testsuite>
    <testsuite name="App\Dice\DiceTest" file="/home/davee3/dbwebb-kurser/mvc/me/report/tests/Dice/DiceTest.php" tests="1" assertions="2" errors="0" warnings="0" failures="0" skipped="0" time="0.000477">
      <testcase name="testCreateDice" class="App\Dice\DiceTest" classname="App.Dice.DiceTest" file="/home/davee3/dbwebb-kurser/mvc/me/report/tests/Dice/DiceTest.php" line="16" assertions="2" time="0.000477"/>
    </testsuite>
    <testsuite name="PlayerTest" file="/home/davee3/dbwebb-kurser/mvc/me/report/tests/Game/PlayerTest.php" tests="13" assertions="23" errors="0" warnings="0" failures="0" skipped="0" time="0.005960">
      <testcase name="testGetHand" class="PlayerTest" classname="PlayerTest" file="/home/davee3/dbwebb-kurser/mvc/me/report/tests/Game/PlayerTest.php" line="11" assertions="2" time="0.000598"/>
      <testcase name="testAddCard" class="PlayerTest" classname="PlayerTest" file="/home/davee3/dbwebb-kurser/mvc/me/report/tests/Game/PlayerTest.php" line="18" assertions="1" time="0.000364"/>
      <testcase name="testResetHand" class="PlayerTest" classname="PlayerTest" file="/home/davee3/dbwebb-kurser/mvc/me/report/tests/Game/PlayerTest.php" line="26" assertions="2" time="0.000501"/>
      <testcase name="testGetHandValue" class="PlayerTest" classname="PlayerTest" file="/home/davee3/dbwebb-kurser/mvc/me/report/tests/Game/PlayerTest.php" line="36" assertions="3" time="0.000438"/>
      <testcase name="testGetHandValue2" class="PlayerTest" classname="PlayerTest" file="/home/davee3/dbwebb-kurser/mvc/me/report/tests/Game/PlayerTest.php" line="59" assertions="3" time="0.000569"/>
      <testcase name="testGetName" class="PlayerTest" classname="PlayerTest" file="/home/davee3/dbwebb-kurser/mvc/me/report/tests/Game/PlayerTest.php" line="80" assertions="1" time="0.000400"/>
      <testcase name="testGetHandJson" class="PlayerTest" classname="PlayerTest" file="/home/davee3/dbwebb-kurser/mvc/me/report/tests/Game/PlayerTest.php" line="86" assertions="4" time="0.000423"/>
      <testcase name="testIsBust" class="PlayerTest" classname="PlayerTest" file="/home/davee3/dbwebb-kurser/mvc/me/report/tests/Game/PlayerTest.php" line="99" assertions="1" time="0.000515"/>
      <testcase name="testIsNotBustWithAce" class="PlayerTest" classname="PlayerTest" file="/home/davee3/dbwebb-kurser/mvc/me/report/tests/Game/PlayerTest.php" line="111" assertions="1" time="0.000468"/>
      <testcase name="testGetMoney" class="PlayerTest" classname="PlayerTest" file="/home/davee3/dbwebb-kurser/mvc/me/report/tests/Game/PlayerTest.php" line="123" assertions="1" time="0.000612"/>
      <testcase name="testBetFalse" class="PlayerTest" classname="PlayerTest" file="/home/davee3/dbwebb-kurser/mvc/me/report/tests/Game/PlayerTest.php" line="131" assertions="1" time="0.000361"/>
      <testcase name="testBetTrue" class="PlayerTest" classname="PlayerTest" file="/home/davee3/dbwebb-kurser/mvc/me/report/tests/Game/PlayerTest.php" line="139" assertions="2" time="0.000340"/>
      <testcase name="testUpdateMoney" class="PlayerTest" classname="PlayerTest" file="/home/davee3/dbwebb-kurser/mvc/me/report/tests/Game/PlayerTest.php" line="148" assertions="1" time="0.000370"/>
    </testsuite>
    <testsuite name="App\Dice\TjugoEttGameTest" file="/home/davee3/dbwebb-kurser/mvc/me/report/tests/Game/TjugoEttGameTest.php" tests="11" assertions="13" errors="0" warnings="0" failures="0" skipped="0" time="0.007465">
      <testcase name="testGameStart" class="App\Dice\TjugoEttGameTest" classname="App.Dice.TjugoEttGameTest" file="/home/davee3/dbwebb-kurser/mvc/me/report/tests/Game/TjugoEttGameTest.php" line="22" assertions="1" time="0.000715"/>
      <testcase name="testPlayerHits" class="App\Dice\TjugoEttGameTest" classname="App.Dice.TjugoEttGameTest" file="/home/davee3/dbwebb-kurser/mvc/me/report/tests/Game/TjugoEttGameTest.php" line="31" assertions="3" time="0.000707"/>
      <testcase name="testPlayerStands" class="App\Dice\TjugoEttGameTest" classname="App.Dice.TjugoEttGameTest" file="/home/davee3/dbwebb-kurser/mvc/me/report/tests/Game/TjugoEttGameTest.php" line="47" assertions="1" time="0.000618"/>
      <testcase name="testPlayerBets" class="App\Dice\TjugoEttGameTest" classname="App.Dice.TjugoEttGameTest" file="/home/davee3/dbwebb-kurser/mvc/me/report/tests/Game/TjugoEttGameTest.php" line="58" assertions="1" time="0.000505"/>
      <testcase name="testPlayerWinsRound" class="App\Dice\TjugoEttGameTest" classname="App.Dice.TjugoEttGameTest" file="/home/davee3/dbwebb-kurser/mvc/me/report/tests/Game/TjugoEttGameTest.php" line="69" assertions="1" time="0.000790"/>
      <testcase name="testBankerWinsRound" class="App\Dice\TjugoEttGameTest" classname="App.Dice.TjugoEttGameTest" file="/home/davee3/dbwebb-kurser/mvc/me/report/tests/Game/TjugoEttGameTest.php" line="88" assertions="1" time="0.000577"/>
      <testcase name="testPlayerIsBust" class="App\Dice\TjugoEttGameTest" classname="App.Dice.TjugoEttGameTest" file="/home/davee3/dbwebb-kurser/mvc/me/report/tests/Game/TjugoEttGameTest.php" line="107" assertions="1" time="0.000711"/>
      <testcase name="testBothIsBust" class="App\Dice\TjugoEttGameTest" classname="App.Dice.TjugoEttGameTest" file="/home/davee3/dbwebb-kurser/mvc/me/report/tests/Game/TjugoEttGameTest.php" line="139" assertions="1" time="0.000649"/>
      <testcase name="testHittingIntoBustDefaultsToStanding" class="App\Dice\TjugoEttGameTest" classname="App.Dice.TjugoEttGameTest" file="/home/davee3/dbwebb-kurser/mvc/me/report/tests/Game/TjugoEttGameTest.php" line="162" assertions="1" time="0.000648"/>
      <testcase name="testBustProbability100" class="App\Dice\TjugoEttGameTest" classname="App.Dice.TjugoEttGameTest" file="/home/davee3/dbwebb-kurser/mvc/me/report/tests/Game/TjugoEttGameTest.php" line="177" assertions="1" time="0.000889"/>
      <testcase name="testBustProbability0WithAce" class="App\Dice\TjugoEttGameTest" classname="App.Dice.TjugoEttGameTest" file="/home/davee3/dbwebb-kurser/mvc/me/report/tests/Game/TjugoEttGameTest.php" line="195" assertions="1" time="0.000655"/>
    </testsuite>
  </testsuite>
</testsuites>
