<?xml version="1.0" encoding="UTF-8"?>
<testsuites>
  <testsuite name="/home/davee3/dbwebb-kurser/mvc/me/report/tests" tests="70" assertions="482" errors="0" warnings="0" failures="0" skipped="0" time="0.100235">
    <testsuite name="App\Adventure\CommandsTest" file="/home/davee3/dbwebb-kurser/mvc/me/report/tests/Adventure/CommandsTest.php" tests="8" assertions="11" errors="0" warnings="0" failures="0" skipped="0" time="0.006082">
      <testcase name="testProcessCommandMove" class="App\Adventure\CommandsTest" classname="App.Adventure.CommandsTest" file="/home/davee3/dbwebb-kurser/mvc/me/report/tests/Adventure/CommandsTest.php" line="7" assertions="1" time="0.002306"/>
      <testcase name="testProcessCommandPickupNoItems" class="App\Adventure\CommandsTest" classname="App.Adventure.CommandsTest" file="/home/davee3/dbwebb-kurser/mvc/me/report/tests/Adventure/CommandsTest.php" line="20" assertions="2" time="0.000597"/>
      <testcase name="testProcessCommandPickupItems" class="App\Adventure\CommandsTest" classname="App.Adventure.CommandsTest" file="/home/davee3/dbwebb-kurser/mvc/me/report/tests/Adventure/CommandsTest.php" line="32" assertions="2" time="0.000463"/>
      <testcase name="testProcessCommandPickupWithDogBlocking" class="App\Adventure\CommandsTest" classname="App.Adventure.CommandsTest" file="/home/davee3/dbwebb-kurser/mvc/me/report/tests/Adventure/CommandsTest.php" line="49" assertions="1" time="0.000473"/>
      <testcase name="testProcessCommandPasswordWithCorrectPassword" class="App\Adventure\CommandsTest" classname="App.Adventure.CommandsTest" file="/home/davee3/dbwebb-kurser/mvc/me/report/tests/Adventure/CommandsTest.php" line="64" assertions="2" time="0.001005"/>
      <testcase name="testProcessCommandPasswordWithWrongPassword" class="App\Adventure\CommandsTest" classname="App.Adventure.CommandsTest" file="/home/davee3/dbwebb-kurser/mvc/me/report/tests/Adventure/CommandsTest.php" line="75" assertions="1" time="0.000456"/>
      <testcase name="testProcessCommandUseWithInvalidItem" class="App\Adventure\CommandsTest" classname="App.Adventure.CommandsTest" file="/home/davee3/dbwebb-kurser/mvc/me/report/tests/Adventure/CommandsTest.php" line="85" assertions="1" time="0.000385"/>
      <testcase name="testProcessCommandUseWithValidItem" class="App\Adventure\CommandsTest" classname="App.Adventure.CommandsTest" file="/home/davee3/dbwebb-kurser/mvc/me/report/tests/Adventure/CommandsTest.php" line="94" assertions="1" time="0.000396"/>
    </testsuite>
    <testsuite name="App\Adventure\GameMapTest" file="/home/davee3/dbwebb-kurser/mvc/me/report/tests/Adventure/GameMapTest.php" tests="3" assertions="21" errors="0" warnings="0" failures="0" skipped="0" time="0.001502">
      <testcase name="testAddRoomAndGetRoom" class="App\Adventure\GameMapTest" classname="App.Adventure.GameMapTest" file="/home/davee3/dbwebb-kurser/mvc/me/report/tests/Adventure/GameMapTest.php" line="7" assertions="1" time="0.000510"/>
      <testcase name="testGetStartingRoomId" class="App\Adventure\GameMapTest" classname="App.Adventure.GameMapTest" file="/home/davee3/dbwebb-kurser/mvc/me/report/tests/Adventure/GameMapTest.php" line="17" assertions="1" time="0.000343"/>
      <testcase name="testInitializeGameMap" class="App\Adventure\GameMapTest" classname="App.Adventure.GameMapTest" file="/home/davee3/dbwebb-kurser/mvc/me/report/tests/Adventure/GameMapTest.php" line="24" assertions="19" time="0.000649"/>
    </testsuite>
    <testsuite name="App\Adventure\ItemTest" file="/home/davee3/dbwebb-kurser/mvc/me/report/tests/Adventure/ItemTest.php" tests="6" assertions="8" errors="0" warnings="0" failures="0" skipped="0" time="0.003493">
      <testcase name="testUseGoldenKeyInNorthRoom" class="App\Adventure\ItemTest" classname="App.Adventure.ItemTest" file="/home/davee3/dbwebb-kurser/mvc/me/report/tests/Adventure/ItemTest.php" line="7" assertions="1" time="0.001435"/>
      <testcase name="testUseGoldenKeyInNonNorthRoom" class="App\Adventure\ItemTest" classname="App.Adventure.ItemTest" file="/home/davee3/dbwebb-kurser/mvc/me/report/tests/Adventure/ItemTest.php" line="17" assertions="1" time="0.000420"/>
      <testcase name="testUsePieceOfHamInWestRoom" class="App\Adventure\ItemTest" classname="App.Adventure.ItemTest" file="/home/davee3/dbwebb-kurser/mvc/me/report/tests/Adventure/ItemTest.php" line="27" assertions="3" time="0.000467"/>
      <testcase name="testUseFirstHalfOfNote" class="App\Adventure\ItemTest" classname="App.Adventure.ItemTest" file="/home/davee3/dbwebb-kurser/mvc/me/report/tests/Adventure/ItemTest.php" line="40" assertions="1" time="0.000404"/>
      <testcase name="testUseSecondHalfOfNote" class="App\Adventure\ItemTest" classname="App.Adventure.ItemTest" file="/home/davee3/dbwebb-kurser/mvc/me/report/tests/Adventure/ItemTest.php" line="50" assertions="1" time="0.000403"/>
      <testcase name="testUseInvalidItem" class="App\Adventure\ItemTest" classname="App.Adventure.ItemTest" file="/home/davee3/dbwebb-kurser/mvc/me/report/tests/Adventure/ItemTest.php" line="60" assertions="1" time="0.000366"/>
    </testsuite>
    <testsuite name="App\Adventure\PlayerTest" file="/home/davee3/dbwebb-kurser/mvc/me/report/tests/Adventure/PlayerTest.php" tests="6" assertions="6" errors="0" warnings="0" failures="0" skipped="0" time="0.002583">
      <testcase name="testGetCurrentRoom" class="App\Adventure\PlayerTest" classname="App.Adventure.PlayerTest" file="/home/davee3/dbwebb-kurser/mvc/me/report/tests/Adventure/PlayerTest.php" line="8" assertions="1" time="0.000422"/>
      <testcase name="testMoveToNeighborRoom" class="App\Adventure\PlayerTest" classname="App.Adventure.PlayerTest" file="/home/davee3/dbwebb-kurser/mvc/me/report/tests/Adventure/PlayerTest.php" line="17" assertions="1" time="0.000639"/>
      <testcase name="testMoveToNonExistentNeighborRoom" class="App\Adventure\PlayerTest" classname="App.Adventure.PlayerTest" file="/home/davee3/dbwebb-kurser/mvc/me/report/tests/Adventure/PlayerTest.php" line="33" assertions="1" time="0.000361"/>
      <testcase name="testFindItemByNameReturnsItemWhenExactMatchFound" class="App\Adventure\PlayerTest" classname="App.Adventure.PlayerTest" file="/home/davee3/dbwebb-kurser/mvc/me/report/tests/Adventure/PlayerTest.php" line="43" assertions="1" time="0.000343"/>
      <testcase name="testFindItemByNameReturnsItemWhenPartialMatchFound" class="App\Adventure\PlayerTest" classname="App.Adventure.PlayerTest" file="/home/davee3/dbwebb-kurser/mvc/me/report/tests/Adventure/PlayerTest.php" line="55" assertions="1" time="0.000355"/>
      <testcase name="testFindItemByNameReturnsNullWhenNoMatchFound" class="App\Adventure\PlayerTest" classname="App.Adventure.PlayerTest" file="/home/davee3/dbwebb-kurser/mvc/me/report/tests/Adventure/PlayerTest.php" line="67" assertions="1" time="0.000463"/>
    </testsuite>
    <testsuite name="App\Adventure\RoomTest" file="/home/davee3/dbwebb-kurser/mvc/me/report/tests/Adventure/RoomTest.php" tests="3" assertions="3" errors="0" warnings="0" failures="0" skipped="0" time="0.001062">
      <testcase name="testGetDescription" class="App\Adventure\RoomTest" classname="App.Adventure.RoomTest" file="/home/davee3/dbwebb-kurser/mvc/me/report/tests/Adventure/RoomTest.php" line="8" assertions="1" time="0.000326"/>
      <testcase name="testSetNeighborAndGetNeighbor" class="App\Adventure\RoomTest" classname="App.Adventure.RoomTest" file="/home/davee3/dbwebb-kurser/mvc/me/report/tests/Adventure/RoomTest.php" line="16" assertions="1" time="0.000380"/>
      <testcase name="testRemoveItems" class="App\Adventure\RoomTest" classname="App.Adventure.RoomTest" file="/home/davee3/dbwebb-kurser/mvc/me/report/tests/Adventure/RoomTest.php" line="27" assertions="1" time="0.000356"/>
    </testsuite>
    <testsuite name="CardDeckTest" file="/home/davee3/dbwebb-kurser/mvc/me/report/tests/Card/CardDeckTest.php" tests="9" assertions="228" errors="0" warnings="0" failures="0" skipped="0" time="0.064846">
      <testcase name="testGetCards" class="CardDeckTest" classname="CardDeckTest" file="/home/davee3/dbwebb-kurser/mvc/me/report/tests/Card/CardDeckTest.php" line="14" assertions="156" time="0.002053"/>
      <testcase name="testCardsAreInstanceOfCardAndCorrectSwagIsDeployed" class="CardDeckTest" classname="CardDeckTest" file="/home/davee3/dbwebb-kurser/mvc/me/report/tests/Card/CardDeckTest.php" line="25" assertions="53" time="0.001118"/>
      <testcase name="testDeal" class="CardDeckTest" classname="CardDeckTest" file="/home/davee3/dbwebb-kurser/mvc/me/report/tests/Card/CardDeckTest.php" line="34" assertions="1" time="0.000532"/>
      <testcase name="testCardsLeft" class="CardDeckTest" classname="CardDeckTest" file="/home/davee3/dbwebb-kurser/mvc/me/report/tests/Card/CardDeckTest.php" line="41" assertions="1" time="0.000600"/>
      <testcase name="testShuffle" class="CardDeckTest" classname="CardDeckTest" file="/home/davee3/dbwebb-kurser/mvc/me/report/tests/Card/CardDeckTest.php" line="47" assertions="2" time="0.010143"/>
      <testcase name="testGetCardsByRankNSuit" class="CardDeckTest" classname="CardDeckTest" file="/home/davee3/dbwebb-kurser/mvc/me/report/tests/Card/CardDeckTest.php" line="55" assertions="2" time="0.001060"/>
      <testcase name="testGetCardsByRankNSuitNull" class="CardDeckTest" classname="CardDeckTest" file="/home/davee3/dbwebb-kurser/mvc/me/report/tests/Card/CardDeckTest.php" line="62" assertions="1" time="0.000783"/>
      <testcase name="testSort" class="CardDeckTest" classname="CardDeckTest" file="/home/davee3/dbwebb-kurser/mvc/me/report/tests/Card/CardDeckTest.php" line="68" assertions="3" time="0.047853"/>
      <testcase name="testCardCount" class="CardDeckTest" classname="CardDeckTest" file="/home/davee3/dbwebb-kurser/mvc/me/report/tests/Card/CardDeckTest.php" line="79" assertions="9" time="0.000704"/>
    </testsuite>
    <testsuite name="App\Card\CardGraphicTwoTest" file="/home/davee3/dbwebb-kurser/mvc/me/report/tests/Card/CardGraphicTwoTest.php" tests="1" assertions="3" errors="0" warnings="0" failures="0" skipped="0" time="0.000513">
      <testcase name="testGetCardImage" class="App\Card\CardGraphicTwoTest" classname="App.Card.CardGraphicTwoTest" file="/home/davee3/dbwebb-kurser/mvc/me/report/tests/Card/CardGraphicTwoTest.php" line="15" assertions="3" time="0.000513"/>
    </testsuite>
    <testsuite name="App\Card\CardTest" file="/home/davee3/dbwebb-kurser/mvc/me/report/tests/Card/CardTest.php" tests="7" assertions="7" errors="0" warnings="0" failures="0" skipped="0" time="0.002685">
      <testcase name="testGetSuit" class="App\Card\CardTest" classname="App.Card.CardTest" file="/home/davee3/dbwebb-kurser/mvc/me/report/tests/Card/CardTest.php" line="13" assertions="1" time="0.000379"/>
      <testcase name="testGetRank" class="App\Card\CardTest" classname="App.Card.CardTest" file="/home/davee3/dbwebb-kurser/mvc/me/report/tests/Card/CardTest.php" line="20" assertions="1" time="0.000363"/>
      <testcase name="testGetValueForNumericRank" class="App\Card\CardTest" classname="App.Card.CardTest" file="/home/davee3/dbwebb-kurser/mvc/me/report/tests/Card/CardTest.php" line="27" assertions="1" time="0.000406"/>
      <testcase name="testGetValueForSpecialRank" class="App\Card\CardTest" classname="App.Card.CardTest" file="/home/davee3/dbwebb-kurser/mvc/me/report/tests/Card/CardTest.php" line="34" assertions="1" time="0.000413"/>
      <testcase name="testGetValue2ForSpecialRank" class="App\Card\CardTest" classname="App.Card.CardTest" file="/home/davee3/dbwebb-kurser/mvc/me/report/tests/Card/CardTest.php" line="41" assertions="1" time="0.000456"/>
      <testcase name="testToString" class="App\Card\CardTest" classname="App.Card.CardTest" file="/home/davee3/dbwebb-kurser/mvc/me/report/tests/Card/CardTest.php" line="48" assertions="1" time="0.000337"/>
      <testcase name="testToArray" class="App\Card\CardTest" classname="App.Card.CardTest" file="/home/davee3/dbwebb-kurser/mvc/me/report/tests/Card/CardTest.php" line="56" assertions="1" time="0.000331"/>
    </testsuite>
    <testsuite name="DeckTest" file="/home/davee3/dbwebb-kurser/mvc/me/report/tests/DeckTest.php" tests="1" assertions="156" errors="0" warnings="0" failures="0" skipped="0" time="0.001571">
      <testcase name="testGetCards" class="DeckTest" classname="DeckTest" file="/home/davee3/dbwebb-kurser/mvc/me/report/tests/DeckTest.php" line="10" assertions="156" time="0.001571"/>
    </testsuite>
    <testsuite name="App\Dice\DiceTest" file="/home/davee3/dbwebb-kurser/mvc/me/report/tests/Dice/DiceTest.php" tests="1" assertions="2" errors="0" warnings="0" failures="0" skipped="0" time="0.000534">
      <testcase name="testCreateDice" class="App\Dice\DiceTest" classname="App.Dice.DiceTest" file="/home/davee3/dbwebb-kurser/mvc/me/report/tests/Dice/DiceTest.php" line="16" assertions="2" time="0.000534"/>
    </testsuite>
    <testsuite name="PlayerTest" file="/home/davee3/dbwebb-kurser/mvc/me/report/tests/Game/PlayerTest.php" tests="13" assertions="23" errors="0" warnings="0" failures="0" skipped="0" time="0.006599">
      <testcase name="testGetHand" class="PlayerTest" classname="PlayerTest" file="/home/davee3/dbwebb-kurser/mvc/me/report/tests/Game/PlayerTest.php" line="11" assertions="2" time="0.001202"/>
      <testcase name="testAddCard" class="PlayerTest" classname="PlayerTest" file="/home/davee3/dbwebb-kurser/mvc/me/report/tests/Game/PlayerTest.php" line="18" assertions="1" time="0.000496"/>
      <testcase name="testResetHand" class="PlayerTest" classname="PlayerTest" file="/home/davee3/dbwebb-kurser/mvc/me/report/tests/Game/PlayerTest.php" line="26" assertions="2" time="0.000483"/>
      <testcase name="testGetHandValue" class="PlayerTest" classname="PlayerTest" file="/home/davee3/dbwebb-kurser/mvc/me/report/tests/Game/PlayerTest.php" line="36" assertions="3" time="0.000428"/>
      <testcase name="testGetHandValue2" class="PlayerTest" classname="PlayerTest" file="/home/davee3/dbwebb-kurser/mvc/me/report/tests/Game/PlayerTest.php" line="59" assertions="3" time="0.000537"/>
      <testcase name="testGetName" class="PlayerTest" classname="PlayerTest" file="/home/davee3/dbwebb-kurser/mvc/me/report/tests/Game/PlayerTest.php" line="80" assertions="1" time="0.000456"/>
      <testcase name="testGetHandJson" class="PlayerTest" classname="PlayerTest" file="/home/davee3/dbwebb-kurser/mvc/me/report/tests/Game/PlayerTest.php" line="86" assertions="4" time="0.000380"/>
      <testcase name="testIsBust" class="PlayerTest" classname="PlayerTest" file="/home/davee3/dbwebb-kurser/mvc/me/report/tests/Game/PlayerTest.php" line="99" assertions="1" time="0.000586"/>
      <testcase name="testIsNotBustWithAce" class="PlayerTest" classname="PlayerTest" file="/home/davee3/dbwebb-kurser/mvc/me/report/tests/Game/PlayerTest.php" line="111" assertions="1" time="0.000568"/>
      <testcase name="testGetMoney" class="PlayerTest" classname="PlayerTest" file="/home/davee3/dbwebb-kurser/mvc/me/report/tests/Game/PlayerTest.php" line="123" assertions="1" time="0.000364"/>
      <testcase name="testBetFalse" class="PlayerTest" classname="PlayerTest" file="/home/davee3/dbwebb-kurser/mvc/me/report/tests/Game/PlayerTest.php" line="131" assertions="1" time="0.000343"/>
      <testcase name="testBetTrue" class="PlayerTest" classname="PlayerTest" file="/home/davee3/dbwebb-kurser/mvc/me/report/tests/Game/PlayerTest.php" line="139" assertions="2" time="0.000414"/>
      <testcase name="testUpdateMoney" class="PlayerTest" classname="PlayerTest" file="/home/davee3/dbwebb-kurser/mvc/me/report/tests/Game/PlayerTest.php" line="148" assertions="1" time="0.000342"/>
    </testsuite>
    <testsuite name="App\Dice\TjugoEttGameTest" file="/home/davee3/dbwebb-kurser/mvc/me/report/tests/Game/TjugoEttGameTest.php" tests="12" assertions="14" errors="0" warnings="0" failures="0" skipped="0" time="0.008763">
      <testcase name="testGameStart" class="App\Dice\TjugoEttGameTest" classname="App.Dice.TjugoEttGameTest" file="/home/davee3/dbwebb-kurser/mvc/me/report/tests/Game/TjugoEttGameTest.php" line="22" assertions="1" time="0.000899"/>
      <testcase name="testPlayerHits" class="App\Dice\TjugoEttGameTest" classname="App.Dice.TjugoEttGameTest" file="/home/davee3/dbwebb-kurser/mvc/me/report/tests/Game/TjugoEttGameTest.php" line="31" assertions="3" time="0.000758"/>
      <testcase name="testPlayerStands" class="App\Dice\TjugoEttGameTest" classname="App.Dice.TjugoEttGameTest" file="/home/davee3/dbwebb-kurser/mvc/me/report/tests/Game/TjugoEttGameTest.php" line="47" assertions="1" time="0.000875"/>
      <testcase name="testPlayerBets" class="App\Dice\TjugoEttGameTest" classname="App.Dice.TjugoEttGameTest" file="/home/davee3/dbwebb-kurser/mvc/me/report/tests/Game/TjugoEttGameTest.php" line="58" assertions="1" time="0.000644"/>
      <testcase name="testPlayerWinsRound" class="App\Dice\TjugoEttGameTest" classname="App.Dice.TjugoEttGameTest" file="/home/davee3/dbwebb-kurser/mvc/me/report/tests/Game/TjugoEttGameTest.php" line="69" assertions="1" time="0.000603"/>
      <testcase name="testBankerWinsRound" class="App\Dice\TjugoEttGameTest" classname="App.Dice.TjugoEttGameTest" file="/home/davee3/dbwebb-kurser/mvc/me/report/tests/Game/TjugoEttGameTest.php" line="88" assertions="1" time="0.000547"/>
      <testcase name="testPlayerIsBust" class="App\Dice\TjugoEttGameTest" classname="App.Dice.TjugoEttGameTest" file="/home/davee3/dbwebb-kurser/mvc/me/report/tests/Game/TjugoEttGameTest.php" line="107" assertions="1" time="0.000591"/>
      <testcase name="test21Draw" class="App\Dice\TjugoEttGameTest" classname="App.Dice.TjugoEttGameTest" file="/home/davee3/dbwebb-kurser/mvc/me/report/tests/Game/TjugoEttGameTest.php" line="139" assertions="1" time="0.000597"/>
      <testcase name="testBothIsBust" class="App\Dice\TjugoEttGameTest" classname="App.Dice.TjugoEttGameTest" file="/home/davee3/dbwebb-kurser/mvc/me/report/tests/Game/TjugoEttGameTest.php" line="163" assertions="1" time="0.000683"/>
      <testcase name="testHittingIntoBustDefaultsToStanding" class="App\Dice\TjugoEttGameTest" classname="App.Dice.TjugoEttGameTest" file="/home/davee3/dbwebb-kurser/mvc/me/report/tests/Game/TjugoEttGameTest.php" line="186" assertions="1" time="0.000815"/>
      <testcase name="testBustProbability100" class="App\Dice\TjugoEttGameTest" classname="App.Dice.TjugoEttGameTest" file="/home/davee3/dbwebb-kurser/mvc/me/report/tests/Game/TjugoEttGameTest.php" line="201" assertions="1" time="0.000929"/>
      <testcase name="testBustProbability0WithAce" class="App\Dice\TjugoEttGameTest" classname="App.Dice.TjugoEttGameTest" file="/home/davee3/dbwebb-kurser/mvc/me/report/tests/Game/TjugoEttGameTest.php" line="219" assertions="1" time="0.000821"/>
    </testsuite>
  </testsuite>
</testsuites>
