<?xml version="1.0" encoding="UTF-8"?>
<testsuites>
  <testsuite name="" tests="62" assertions="471" errors="0" warnings="0" failures="0" skipped="0" time="0.085169">
    <testsuite name="all" tests="62" assertions="471" errors="0" warnings="0" failures="0" skipped="0" time="0.085169">
      <testsuite name="App\Adventure\GameMapTest" file="/home/davee3/dbwebb-kurser/mvc/me/report/tests/Adventure/GameMapTest.php" tests="3" assertions="21" errors="0" warnings="0" failures="0" skipped="0" time="0.003178">
        <testcase name="testAddRoomAndGetRoom" class="App\Adventure\GameMapTest" classname="App.Adventure.GameMapTest" file="/home/davee3/dbwebb-kurser/mvc/me/report/tests/Adventure/GameMapTest.php" line="7" assertions="1" time="0.001812"/>
        <testcase name="testGetStartingRoomId" class="App\Adventure\GameMapTest" classname="App.Adventure.GameMapTest" file="/home/davee3/dbwebb-kurser/mvc/me/report/tests/Adventure/GameMapTest.php" line="17" assertions="1" time="0.000466"/>
        <testcase name="testInitializeGameMap" class="App\Adventure\GameMapTest" classname="App.Adventure.GameMapTest" file="/home/davee3/dbwebb-kurser/mvc/me/report/tests/Adventure/GameMapTest.php" line="24" assertions="19" time="0.000900"/>
      </testsuite>
      <testsuite name="App\Adventure\ItemTest" file="/home/davee3/dbwebb-kurser/mvc/me/report/tests/Adventure/ItemTest.php" tests="6" assertions="8" errors="0" warnings="0" failures="0" skipped="0" time="0.003022">
        <testcase name="testUseGoldenKeyInNorthRoom" class="App\Adventure\ItemTest" classname="App.Adventure.ItemTest" file="/home/davee3/dbwebb-kurser/mvc/me/report/tests/Adventure/ItemTest.php" line="7" assertions="1" time="0.000433"/>
        <testcase name="testUseGoldenKeyInNonNorthRoom" class="App\Adventure\ItemTest" classname="App.Adventure.ItemTest" file="/home/davee3/dbwebb-kurser/mvc/me/report/tests/Adventure/ItemTest.php" line="17" assertions="1" time="0.000528"/>
        <testcase name="testUsePieceOfHamInWestRoom" class="App\Adventure\ItemTest" classname="App.Adventure.ItemTest" file="/home/davee3/dbwebb-kurser/mvc/me/report/tests/Adventure/ItemTest.php" line="27" assertions="3" time="0.000525"/>
        <testcase name="testUseFirstHalfOfNote" class="App\Adventure\ItemTest" classname="App.Adventure.ItemTest" file="/home/davee3/dbwebb-kurser/mvc/me/report/tests/Adventure/ItemTest.php" line="40" assertions="1" time="0.000538"/>
        <testcase name="testUseSecondHalfOfNote" class="App\Adventure\ItemTest" classname="App.Adventure.ItemTest" file="/home/davee3/dbwebb-kurser/mvc/me/report/tests/Adventure/ItemTest.php" line="50" assertions="1" time="0.000525"/>
        <testcase name="testUseInvalidItem" class="App\Adventure\ItemTest" classname="App.Adventure.ItemTest" file="/home/davee3/dbwebb-kurser/mvc/me/report/tests/Adventure/ItemTest.php" line="60" assertions="1" time="0.000472"/>
      </testsuite>
      <testsuite name="App\Adventure\PlayerTest" file="/home/davee3/dbwebb-kurser/mvc/me/report/tests/Adventure/PlayerTest.php" tests="6" assertions="6" errors="0" warnings="0" failures="0" skipped="0" time="0.002290">
        <testcase name="testGetCurrentRoom" class="App\Adventure\PlayerTest" classname="App.Adventure.PlayerTest" file="/home/davee3/dbwebb-kurser/mvc/me/report/tests/Adventure/PlayerTest.php" line="8" assertions="1" time="0.000353"/>
        <testcase name="testMoveToNeighborRoom" class="App\Adventure\PlayerTest" classname="App.Adventure.PlayerTest" file="/home/davee3/dbwebb-kurser/mvc/me/report/tests/Adventure/PlayerTest.php" line="17" assertions="1" time="0.000319"/>
        <testcase name="testMoveToNonExistentNeighborRoom" class="App\Adventure\PlayerTest" classname="App.Adventure.PlayerTest" file="/home/davee3/dbwebb-kurser/mvc/me/report/tests/Adventure/PlayerTest.php" line="33" assertions="1" time="0.000326"/>
        <testcase name="testFindItemByNameReturnsItemWhenExactMatchFound" class="App\Adventure\PlayerTest" classname="App.Adventure.PlayerTest" file="/home/davee3/dbwebb-kurser/mvc/me/report/tests/Adventure/PlayerTest.php" line="43" assertions="1" time="0.000338"/>
        <testcase name="testFindItemByNameReturnsItemWhenPartialMatchFound" class="App\Adventure\PlayerTest" classname="App.Adventure.PlayerTest" file="/home/davee3/dbwebb-kurser/mvc/me/report/tests/Adventure/PlayerTest.php" line="55" assertions="1" time="0.000485"/>
        <testcase name="testFindItemByNameReturnsNullWhenNoMatchFound" class="App\Adventure\PlayerTest" classname="App.Adventure.PlayerTest" file="/home/davee3/dbwebb-kurser/mvc/me/report/tests/Adventure/PlayerTest.php" line="67" assertions="1" time="0.000469"/>
      </testsuite>
      <testsuite name="App\Adventure\RoomTest" file="/home/davee3/dbwebb-kurser/mvc/me/report/tests/Adventure/RoomTest.php" tests="3" assertions="3" errors="0" warnings="0" failures="0" skipped="0" time="0.001049">
        <testcase name="testGetDescription" class="App\Adventure\RoomTest" classname="App.Adventure.RoomTest" file="/home/davee3/dbwebb-kurser/mvc/me/report/tests/Adventure/RoomTest.php" line="8" assertions="1" time="0.000344"/>
        <testcase name="testSetNeighborAndGetNeighbor" class="App\Adventure\RoomTest" classname="App.Adventure.RoomTest" file="/home/davee3/dbwebb-kurser/mvc/me/report/tests/Adventure/RoomTest.php" line="16" assertions="1" time="0.000333"/>
        <testcase name="testRemoveItems" class="App\Adventure\RoomTest" classname="App.Adventure.RoomTest" file="/home/davee3/dbwebb-kurser/mvc/me/report/tests/Adventure/RoomTest.php" line="27" assertions="1" time="0.000372"/>
      </testsuite>
      <testsuite name="CardDeckTest" file="/home/davee3/dbwebb-kurser/mvc/me/report/tests/Card/CardDeckTest.php" tests="9" assertions="228" errors="0" warnings="0" failures="0" skipped="0" time="0.056369">
        <testcase name="testGetCards" class="CardDeckTest" classname="CardDeckTest" file="/home/davee3/dbwebb-kurser/mvc/me/report/tests/Card/CardDeckTest.php" line="14" assertions="156" time="0.001855"/>
        <testcase name="testCardsAreInstanceOfCardAndCorrectSwagIsDeployed" class="CardDeckTest" classname="CardDeckTest" file="/home/davee3/dbwebb-kurser/mvc/me/report/tests/Card/CardDeckTest.php" line="25" assertions="53" time="0.000932"/>
        <testcase name="testDeal" class="CardDeckTest" classname="CardDeckTest" file="/home/davee3/dbwebb-kurser/mvc/me/report/tests/Card/CardDeckTest.php" line="34" assertions="1" time="0.000436"/>
        <testcase name="testCardsLeft" class="CardDeckTest" classname="CardDeckTest" file="/home/davee3/dbwebb-kurser/mvc/me/report/tests/Card/CardDeckTest.php" line="41" assertions="1" time="0.000439"/>
        <testcase name="testShuffle" class="CardDeckTest" classname="CardDeckTest" file="/home/davee3/dbwebb-kurser/mvc/me/report/tests/Card/CardDeckTest.php" line="47" assertions="2" time="0.008087"/>
        <testcase name="testGetCardsByRankNSuit" class="CardDeckTest" classname="CardDeckTest" file="/home/davee3/dbwebb-kurser/mvc/me/report/tests/Card/CardDeckTest.php" line="55" assertions="2" time="0.000775"/>
        <testcase name="testGetCardsByRankNSuitNull" class="CardDeckTest" classname="CardDeckTest" file="/home/davee3/dbwebb-kurser/mvc/me/report/tests/Card/CardDeckTest.php" line="62" assertions="1" time="0.000714"/>
        <testcase name="testSort" class="CardDeckTest" classname="CardDeckTest" file="/home/davee3/dbwebb-kurser/mvc/me/report/tests/Card/CardDeckTest.php" line="68" assertions="3" time="0.042303"/>
        <testcase name="testCardCount" class="CardDeckTest" classname="CardDeckTest" file="/home/davee3/dbwebb-kurser/mvc/me/report/tests/Card/CardDeckTest.php" line="79" assertions="9" time="0.000827"/>
      </testsuite>
      <testsuite name="App\Card\CardGraphicTwoTest" file="/home/davee3/dbwebb-kurser/mvc/me/report/tests/Card/CardGraphicTwoTest.php" tests="1" assertions="3" errors="0" warnings="0" failures="0" skipped="0" time="0.000456">
        <testcase name="testGetCardImage" class="App\Card\CardGraphicTwoTest" classname="App.Card.CardGraphicTwoTest" file="/home/davee3/dbwebb-kurser/mvc/me/report/tests/Card/CardGraphicTwoTest.php" line="15" assertions="3" time="0.000456"/>
      </testsuite>
      <testsuite name="App\Card\CardTest" file="/home/davee3/dbwebb-kurser/mvc/me/report/tests/Card/CardTest.php" tests="7" assertions="7" errors="0" warnings="0" failures="0" skipped="0" time="0.002898">
        <testcase name="testGetSuit" class="App\Card\CardTest" classname="App.Card.CardTest" file="/home/davee3/dbwebb-kurser/mvc/me/report/tests/Card/CardTest.php" line="13" assertions="1" time="0.000564"/>
        <testcase name="testGetRank" class="App\Card\CardTest" classname="App.Card.CardTest" file="/home/davee3/dbwebb-kurser/mvc/me/report/tests/Card/CardTest.php" line="20" assertions="1" time="0.000353"/>
        <testcase name="testGetValueForNumericRank" class="App\Card\CardTest" classname="App.Card.CardTest" file="/home/davee3/dbwebb-kurser/mvc/me/report/tests/Card/CardTest.php" line="27" assertions="1" time="0.000389"/>
        <testcase name="testGetValueForSpecialRank" class="App\Card\CardTest" classname="App.Card.CardTest" file="/home/davee3/dbwebb-kurser/mvc/me/report/tests/Card/CardTest.php" line="34" assertions="1" time="0.000469"/>
        <testcase name="testGetValue2ForSpecialRank" class="App\Card\CardTest" classname="App.Card.CardTest" file="/home/davee3/dbwebb-kurser/mvc/me/report/tests/Card/CardTest.php" line="41" assertions="1" time="0.000399"/>
        <testcase name="testToString" class="App\Card\CardTest" classname="App.Card.CardTest" file="/home/davee3/dbwebb-kurser/mvc/me/report/tests/Card/CardTest.php" line="48" assertions="1" time="0.000411"/>
        <testcase name="testToArray" class="App\Card\CardTest" classname="App.Card.CardTest" file="/home/davee3/dbwebb-kurser/mvc/me/report/tests/Card/CardTest.php" line="56" assertions="1" time="0.000314"/>
      </testsuite>
      <testsuite name="DeckTest" file="/home/davee3/dbwebb-kurser/mvc/me/report/tests/DeckTest.php" tests="1" assertions="156" errors="0" warnings="0" failures="0" skipped="0" time="0.001671">
        <testcase name="testGetCards" class="DeckTest" classname="DeckTest" file="/home/davee3/dbwebb-kurser/mvc/me/report/tests/DeckTest.php" line="10" assertions="156" time="0.001671"/>
      </testsuite>
      <testsuite name="App\Dice\DiceTest" file="/home/davee3/dbwebb-kurser/mvc/me/report/tests/Dice/DiceTest.php" tests="1" assertions="2" errors="0" warnings="0" failures="0" skipped="0" time="0.000478">
        <testcase name="testCreateDice" class="App\Dice\DiceTest" classname="App.Dice.DiceTest" file="/home/davee3/dbwebb-kurser/mvc/me/report/tests/Dice/DiceTest.php" line="16" assertions="2" time="0.000478"/>
      </testsuite>
      <testsuite name="PlayerTest" file="/home/davee3/dbwebb-kurser/mvc/me/report/tests/Game/PlayerTest.php" tests="13" assertions="23" errors="0" warnings="0" failures="0" skipped="0" time="0.006128">
        <testcase name="testGetHand" class="PlayerTest" classname="PlayerTest" file="/home/davee3/dbwebb-kurser/mvc/me/report/tests/Game/PlayerTest.php" line="11" assertions="2" time="0.000627"/>
        <testcase name="testAddCard" class="PlayerTest" classname="PlayerTest" file="/home/davee3/dbwebb-kurser/mvc/me/report/tests/Game/PlayerTest.php" line="18" assertions="1" time="0.000359"/>
        <testcase name="testResetHand" class="PlayerTest" classname="PlayerTest" file="/home/davee3/dbwebb-kurser/mvc/me/report/tests/Game/PlayerTest.php" line="26" assertions="2" time="0.000659"/>
        <testcase name="testGetHandValue" class="PlayerTest" classname="PlayerTest" file="/home/davee3/dbwebb-kurser/mvc/me/report/tests/Game/PlayerTest.php" line="36" assertions="3" time="0.000442"/>
        <testcase name="testGetHandValue2" class="PlayerTest" classname="PlayerTest" file="/home/davee3/dbwebb-kurser/mvc/me/report/tests/Game/PlayerTest.php" line="59" assertions="3" time="0.000529"/>
        <testcase name="testGetName" class="PlayerTest" classname="PlayerTest" file="/home/davee3/dbwebb-kurser/mvc/me/report/tests/Game/PlayerTest.php" line="80" assertions="1" time="0.000353"/>
        <testcase name="testGetHandJson" class="PlayerTest" classname="PlayerTest" file="/home/davee3/dbwebb-kurser/mvc/me/report/tests/Game/PlayerTest.php" line="86" assertions="4" time="0.000484"/>
        <testcase name="testIsBust" class="PlayerTest" classname="PlayerTest" file="/home/davee3/dbwebb-kurser/mvc/me/report/tests/Game/PlayerTest.php" line="99" assertions="1" time="0.000598"/>
        <testcase name="testIsNotBustWithAce" class="PlayerTest" classname="PlayerTest" file="/home/davee3/dbwebb-kurser/mvc/me/report/tests/Game/PlayerTest.php" line="111" assertions="1" time="0.000522"/>
        <testcase name="testGetMoney" class="PlayerTest" classname="PlayerTest" file="/home/davee3/dbwebb-kurser/mvc/me/report/tests/Game/PlayerTest.php" line="123" assertions="1" time="0.000410"/>
        <testcase name="testBetFalse" class="PlayerTest" classname="PlayerTest" file="/home/davee3/dbwebb-kurser/mvc/me/report/tests/Game/PlayerTest.php" line="131" assertions="1" time="0.000319"/>
        <testcase name="testBetTrue" class="PlayerTest" classname="PlayerTest" file="/home/davee3/dbwebb-kurser/mvc/me/report/tests/Game/PlayerTest.php" line="139" assertions="2" time="0.000461"/>
        <testcase name="testUpdateMoney" class="PlayerTest" classname="PlayerTest" file="/home/davee3/dbwebb-kurser/mvc/me/report/tests/Game/PlayerTest.php" line="148" assertions="1" time="0.000364"/>
      </testsuite>
      <testsuite name="App\Dice\TjugoEttGameTest" file="/home/davee3/dbwebb-kurser/mvc/me/report/tests/Game/TjugoEttGameTest.php" tests="12" assertions="14" errors="0" warnings="0" failures="0" skipped="0" time="0.007631">
        <testcase name="testGameStart" class="App\Dice\TjugoEttGameTest" classname="App.Dice.TjugoEttGameTest" file="/home/davee3/dbwebb-kurser/mvc/me/report/tests/Game/TjugoEttGameTest.php" line="22" assertions="1" time="0.000689"/>
        <testcase name="testPlayerHits" class="App\Dice\TjugoEttGameTest" classname="App.Dice.TjugoEttGameTest" file="/home/davee3/dbwebb-kurser/mvc/me/report/tests/Game/TjugoEttGameTest.php" line="31" assertions="3" time="0.000731"/>
        <testcase name="testPlayerStands" class="App\Dice\TjugoEttGameTest" classname="App.Dice.TjugoEttGameTest" file="/home/davee3/dbwebb-kurser/mvc/me/report/tests/Game/TjugoEttGameTest.php" line="47" assertions="1" time="0.000535"/>
        <testcase name="testPlayerBets" class="App\Dice\TjugoEttGameTest" classname="App.Dice.TjugoEttGameTest" file="/home/davee3/dbwebb-kurser/mvc/me/report/tests/Game/TjugoEttGameTest.php" line="58" assertions="1" time="0.000503"/>
        <testcase name="testPlayerWinsRound" class="App\Dice\TjugoEttGameTest" classname="App.Dice.TjugoEttGameTest" file="/home/davee3/dbwebb-kurser/mvc/me/report/tests/Game/TjugoEttGameTest.php" line="69" assertions="1" time="0.000674"/>
        <testcase name="testBankerWinsRound" class="App\Dice\TjugoEttGameTest" classname="App.Dice.TjugoEttGameTest" file="/home/davee3/dbwebb-kurser/mvc/me/report/tests/Game/TjugoEttGameTest.php" line="88" assertions="1" time="0.000560"/>
        <testcase name="testPlayerIsBust" class="App\Dice\TjugoEttGameTest" classname="App.Dice.TjugoEttGameTest" file="/home/davee3/dbwebb-kurser/mvc/me/report/tests/Game/TjugoEttGameTest.php" line="107" assertions="1" time="0.000746"/>
        <testcase name="test21Draw" class="App\Dice\TjugoEttGameTest" classname="App.Dice.TjugoEttGameTest" file="/home/davee3/dbwebb-kurser/mvc/me/report/tests/Game/TjugoEttGameTest.php" line="139" assertions="1" time="0.000571"/>
        <testcase name="testBothIsBust" class="App\Dice\TjugoEttGameTest" classname="App.Dice.TjugoEttGameTest" file="/home/davee3/dbwebb-kurser/mvc/me/report/tests/Game/TjugoEttGameTest.php" line="163" assertions="1" time="0.000555"/>
        <testcase name="testHittingIntoBustDefaultsToStanding" class="App\Dice\TjugoEttGameTest" classname="App.Dice.TjugoEttGameTest" file="/home/davee3/dbwebb-kurser/mvc/me/report/tests/Game/TjugoEttGameTest.php" line="186" assertions="1" time="0.000681"/>
        <testcase name="testBustProbability100" class="App\Dice\TjugoEttGameTest" classname="App.Dice.TjugoEttGameTest" file="/home/davee3/dbwebb-kurser/mvc/me/report/tests/Game/TjugoEttGameTest.php" line="201" assertions="1" time="0.000744"/>
        <testcase name="testBustProbability0WithAce" class="App\Dice\TjugoEttGameTest" classname="App.Dice.TjugoEttGameTest" file="/home/davee3/dbwebb-kurser/mvc/me/report/tests/Game/TjugoEttGameTest.php" line="219" assertions="1" time="0.000644"/>
      </testsuite>
    </testsuite>
  </testsuite>
</testsuites>
