<?xml version="1.0" encoding="UTF-8"?>
<testsuites>
  <testsuite name="/home/davee3/dbwebb-kurser/mvc/me/report/tests/Adventure" tests="18" assertions="38" errors="0" warnings="0" failures="0" skipped="0" time="0.010482">
    <testsuite name="App\Adventure\GameMapTest" file="/home/davee3/dbwebb-kurser/mvc/me/report/tests/Adventure/GameMapTest.php" tests="3" assertions="21" errors="0" warnings="0" failures="0" skipped="0" time="0.003533">
      <testcase name="testAddRoomAndGetRoom" class="App\Adventure\GameMapTest" classname="App.Adventure.GameMapTest" file="/home/davee3/dbwebb-kurser/mvc/me/report/tests/Adventure/GameMapTest.php" line="7" assertions="1" time="0.001872"/>
      <testcase name="testGetStartingRoomId" class="App\Adventure\GameMapTest" classname="App.Adventure.GameMapTest" file="/home/davee3/dbwebb-kurser/mvc/me/report/tests/Adventure/GameMapTest.php" line="17" assertions="1" time="0.000548"/>
      <testcase name="testInitializeGameMap" class="App\Adventure\GameMapTest" classname="App.Adventure.GameMapTest" file="/home/davee3/dbwebb-kurser/mvc/me/report/tests/Adventure/GameMapTest.php" line="24" assertions="19" time="0.001113"/>
    </testsuite>
    <testsuite name="App\Adventure\ItemTest" file="/home/davee3/dbwebb-kurser/mvc/me/report/tests/Adventure/ItemTest.php" tests="6" assertions="8" errors="0" warnings="0" failures="0" skipped="0" time="0.002431">
      <testcase name="testUseGoldenKeyInNorthRoom" class="App\Adventure\ItemTest" classname="App.Adventure.ItemTest" file="/home/davee3/dbwebb-kurser/mvc/me/report/tests/Adventure/ItemTest.php" line="7" assertions="1" time="0.000612"/>
      <testcase name="testUseGoldenKeyInNonNorthRoom" class="App\Adventure\ItemTest" classname="App.Adventure.ItemTest" file="/home/davee3/dbwebb-kurser/mvc/me/report/tests/Adventure/ItemTest.php" line="17" assertions="1" time="0.000312"/>
      <testcase name="testUsePieceOfHamInWestRoom" class="App\Adventure\ItemTest" classname="App.Adventure.ItemTest" file="/home/davee3/dbwebb-kurser/mvc/me/report/tests/Adventure/ItemTest.php" line="27" assertions="3" time="0.000462"/>
      <testcase name="testUseFirstHalfOfNote" class="App\Adventure\ItemTest" classname="App.Adventure.ItemTest" file="/home/davee3/dbwebb-kurser/mvc/me/report/tests/Adventure/ItemTest.php" line="40" assertions="1" time="0.000324"/>
      <testcase name="testUseSecondHalfOfNote" class="App\Adventure\ItemTest" classname="App.Adventure.ItemTest" file="/home/davee3/dbwebb-kurser/mvc/me/report/tests/Adventure/ItemTest.php" line="50" assertions="1" time="0.000371"/>
      <testcase name="testUseInvalidItem" class="App\Adventure\ItemTest" classname="App.Adventure.ItemTest" file="/home/davee3/dbwebb-kurser/mvc/me/report/tests/Adventure/ItemTest.php" line="60" assertions="1" time="0.000351"/>
    </testsuite>
    <testsuite name="App\Adventure\PlayerTest" file="/home/davee3/dbwebb-kurser/mvc/me/report/tests/Adventure/PlayerTest.php" tests="6" assertions="6" errors="0" warnings="0" failures="0" skipped="0" time="0.003497">
      <testcase name="testGetCurrentRoom" class="App\Adventure\PlayerTest" classname="App.Adventure.PlayerTest" file="/home/davee3/dbwebb-kurser/mvc/me/report/tests/Adventure/PlayerTest.php" line="8" assertions="1" time="0.000332"/>
      <testcase name="testMoveToNeighborRoom" class="App\Adventure\PlayerTest" classname="App.Adventure.PlayerTest" file="/home/davee3/dbwebb-kurser/mvc/me/report/tests/Adventure/PlayerTest.php" line="17" assertions="1" time="0.000444"/>
      <testcase name="testMoveToNonExistentNeighborRoom" class="App\Adventure\PlayerTest" classname="App.Adventure.PlayerTest" file="/home/davee3/dbwebb-kurser/mvc/me/report/tests/Adventure/PlayerTest.php" line="33" assertions="1" time="0.000343"/>
      <testcase name="testFindItemByNameReturnsItemWhenExactMatchFound" class="App\Adventure\PlayerTest" classname="App.Adventure.PlayerTest" file="/home/davee3/dbwebb-kurser/mvc/me/report/tests/Adventure/PlayerTest.php" line="43" assertions="1" time="0.001524"/>
      <testcase name="testFindItemByNameReturnsItemWhenPartialMatchFound" class="App\Adventure\PlayerTest" classname="App.Adventure.PlayerTest" file="/home/davee3/dbwebb-kurser/mvc/me/report/tests/Adventure/PlayerTest.php" line="55" assertions="1" time="0.000415"/>
      <testcase name="testFindItemByNameReturnsNullWhenNoMatchFound" class="App\Adventure\PlayerTest" classname="App.Adventure.PlayerTest" file="/home/davee3/dbwebb-kurser/mvc/me/report/tests/Adventure/PlayerTest.php" line="67" assertions="1" time="0.000438"/>
    </testsuite>
    <testsuite name="App\Adventure\RoomTest" file="/home/davee3/dbwebb-kurser/mvc/me/report/tests/Adventure/RoomTest.php" tests="3" assertions="3" errors="0" warnings="0" failures="0" skipped="0" time="0.001020">
      <testcase name="testGetDescription" class="App\Adventure\RoomTest" classname="App.Adventure.RoomTest" file="/home/davee3/dbwebb-kurser/mvc/me/report/tests/Adventure/RoomTest.php" line="8" assertions="1" time="0.000370"/>
      <testcase name="testSetNeighborAndGetNeighbor" class="App\Adventure\RoomTest" classname="App.Adventure.RoomTest" file="/home/davee3/dbwebb-kurser/mvc/me/report/tests/Adventure/RoomTest.php" line="16" assertions="1" time="0.000323"/>
      <testcase name="testRemoveItems" class="App\Adventure\RoomTest" classname="App.Adventure.RoomTest" file="/home/davee3/dbwebb-kurser/mvc/me/report/tests/Adventure/RoomTest.php" line="27" assertions="1" time="0.000328"/>
    </testsuite>
  </testsuite>
</testsuites>
