<?xml version="1.0" encoding="UTF-8"?>
<testsuites>
  <testsuite name="/home/davee3/dbwebb-kurser/mvc/me/report/tests" tests="62" assertions="471" errors="0" warnings="0" failures="0" skipped="0" time="0.084967">
    <testsuite name="App\Adventure\GameMapTest" file="/home/davee3/dbwebb-kurser/mvc/me/report/tests/Adventure/GameMapTest.php" tests="3" assertions="21" errors="0" warnings="0" failures="0" skipped="0" time="0.003271">
      <testcase name="testAddRoomAndGetRoom" class="App\Adventure\GameMapTest" classname="App.Adventure.GameMapTest" file="/home/davee3/dbwebb-kurser/mvc/me/report/tests/Adventure/GameMapTest.php" line="7" assertions="1" time="0.001854"/>
      <testcase name="testGetStartingRoomId" class="App\Adventure\GameMapTest" classname="App.Adventure.GameMapTest" file="/home/davee3/dbwebb-kurser/mvc/me/report/tests/Adventure/GameMapTest.php" line="17" assertions="1" time="0.000519"/>
      <testcase name="testInitializeGameMap" class="App\Adventure\GameMapTest" classname="App.Adventure.GameMapTest" file="/home/davee3/dbwebb-kurser/mvc/me/report/tests/Adventure/GameMapTest.php" line="24" assertions="19" time="0.000897"/>
    </testsuite>
    <testsuite name="App\Adventure\ItemTest" file="/home/davee3/dbwebb-kurser/mvc/me/report/tests/Adventure/ItemTest.php" tests="6" assertions="8" errors="0" warnings="0" failures="0" skipped="0" time="0.002695">
      <testcase name="testUseGoldenKeyInNorthRoom" class="App\Adventure\ItemTest" classname="App.Adventure.ItemTest" file="/home/davee3/dbwebb-kurser/mvc/me/report/tests/Adventure/ItemTest.php" line="7" assertions="1" time="0.000575"/>
      <testcase name="testUseGoldenKeyInNonNorthRoom" class="App\Adventure\ItemTest" classname="App.Adventure.ItemTest" file="/home/davee3/dbwebb-kurser/mvc/me/report/tests/Adventure/ItemTest.php" line="17" assertions="1" time="0.000332"/>
      <testcase name="testUsePieceOfHamInWestRoom" class="App\Adventure\ItemTest" classname="App.Adventure.ItemTest" file="/home/davee3/dbwebb-kurser/mvc/me/report/tests/Adventure/ItemTest.php" line="27" assertions="3" time="0.000456"/>
      <testcase name="testUseFirstHalfOfNote" class="App\Adventure\ItemTest" classname="App.Adventure.ItemTest" file="/home/davee3/dbwebb-kurser/mvc/me/report/tests/Adventure/ItemTest.php" line="40" assertions="1" time="0.000343"/>
      <testcase name="testUseSecondHalfOfNote" class="App\Adventure\ItemTest" classname="App.Adventure.ItemTest" file="/home/davee3/dbwebb-kurser/mvc/me/report/tests/Adventure/ItemTest.php" line="50" assertions="1" time="0.000589"/>
      <testcase name="testUseInvalidItem" class="App\Adventure\ItemTest" classname="App.Adventure.ItemTest" file="/home/davee3/dbwebb-kurser/mvc/me/report/tests/Adventure/ItemTest.php" line="60" assertions="1" time="0.000400"/>
    </testsuite>
    <testsuite name="App\Adventure\PlayerTest" file="/home/davee3/dbwebb-kurser/mvc/me/report/tests/Adventure/PlayerTest.php" tests="6" assertions="6" errors="0" warnings="0" failures="0" skipped="0" time="0.002341">
      <testcase name="testGetCurrentRoom" class="App\Adventure\PlayerTest" classname="App.Adventure.PlayerTest" file="/home/davee3/dbwebb-kurser/mvc/me/report/tests/Adventure/PlayerTest.php" line="8" assertions="1" time="0.000360"/>
      <testcase name="testMoveToNeighborRoom" class="App\Adventure\PlayerTest" classname="App.Adventure.PlayerTest" file="/home/davee3/dbwebb-kurser/mvc/me/report/tests/Adventure/PlayerTest.php" line="17" assertions="1" time="0.000378"/>
      <testcase name="testMoveToNonExistentNeighborRoom" class="App\Adventure\PlayerTest" classname="App.Adventure.PlayerTest" file="/home/davee3/dbwebb-kurser/mvc/me/report/tests/Adventure/PlayerTest.php" line="33" assertions="1" time="0.000320"/>
      <testcase name="testFindItemByNameReturnsItemWhenExactMatchFound" class="App\Adventure\PlayerTest" classname="App.Adventure.PlayerTest" file="/home/davee3/dbwebb-kurser/mvc/me/report/tests/Adventure/PlayerTest.php" line="43" assertions="1" time="0.000349"/>
      <testcase name="testFindItemByNameReturnsItemWhenPartialMatchFound" class="App\Adventure\PlayerTest" classname="App.Adventure.PlayerTest" file="/home/davee3/dbwebb-kurser/mvc/me/report/tests/Adventure/PlayerTest.php" line="55" assertions="1" time="0.000428"/>
      <testcase name="testFindItemByNameReturnsNullWhenNoMatchFound" class="App\Adventure\PlayerTest" classname="App.Adventure.PlayerTest" file="/home/davee3/dbwebb-kurser/mvc/me/report/tests/Adventure/PlayerTest.php" line="67" assertions="1" time="0.000504"/>
    </testsuite>
    <testsuite name="App\Adventure\RoomTest" file="/home/davee3/dbwebb-kurser/mvc/me/report/tests/Adventure/RoomTest.php" tests="3" assertions="3" errors="0" warnings="0" failures="0" skipped="0" time="0.000973">
      <testcase name="testGetDescription" class="App\Adventure\RoomTest" classname="App.Adventure.RoomTest" file="/home/davee3/dbwebb-kurser/mvc/me/report/tests/Adventure/RoomTest.php" line="8" assertions="1" time="0.000325"/>
      <testcase name="testSetNeighborAndGetNeighbor" class="App\Adventure\RoomTest" classname="App.Adventure.RoomTest" file="/home/davee3/dbwebb-kurser/mvc/me/report/tests/Adventure/RoomTest.php" line="16" assertions="1" time="0.000315"/>
      <testcase name="testRemoveItems" class="App\Adventure\RoomTest" classname="App.Adventure.RoomTest" file="/home/davee3/dbwebb-kurser/mvc/me/report/tests/Adventure/RoomTest.php" line="27" assertions="1" time="0.000333"/>
    </testsuite>
    <testsuite name="CardDeckTest" file="/home/davee3/dbwebb-kurser/mvc/me/report/tests/Card/CardDeckTest.php" tests="9" assertions="228" errors="0" warnings="0" failures="0" skipped="0" time="0.057341">
      <testcase name="testGetCards" class="CardDeckTest" classname="CardDeckTest" file="/home/davee3/dbwebb-kurser/mvc/me/report/tests/Card/CardDeckTest.php" line="14" assertions="156" time="0.002646"/>
      <testcase name="testCardsAreInstanceOfCardAndCorrectSwagIsDeployed" class="CardDeckTest" classname="CardDeckTest" file="/home/davee3/dbwebb-kurser/mvc/me/report/tests/Card/CardDeckTest.php" line="25" assertions="53" time="0.000745"/>
      <testcase name="testDeal" class="CardDeckTest" classname="CardDeckTest" file="/home/davee3/dbwebb-kurser/mvc/me/report/tests/Card/CardDeckTest.php" line="34" assertions="1" time="0.000449"/>
      <testcase name="testCardsLeft" class="CardDeckTest" classname="CardDeckTest" file="/home/davee3/dbwebb-kurser/mvc/me/report/tests/Card/CardDeckTest.php" line="41" assertions="1" time="0.000483"/>
      <testcase name="testShuffle" class="CardDeckTest" classname="CardDeckTest" file="/home/davee3/dbwebb-kurser/mvc/me/report/tests/Card/CardDeckTest.php" line="47" assertions="2" time="0.008413"/>
      <testcase name="testGetCardsByRankNSuit" class="CardDeckTest" classname="CardDeckTest" file="/home/davee3/dbwebb-kurser/mvc/me/report/tests/Card/CardDeckTest.php" line="55" assertions="2" time="0.000822"/>
      <testcase name="testGetCardsByRankNSuitNull" class="CardDeckTest" classname="CardDeckTest" file="/home/davee3/dbwebb-kurser/mvc/me/report/tests/Card/CardDeckTest.php" line="62" assertions="1" time="0.000729"/>
      <testcase name="testSort" class="CardDeckTest" classname="CardDeckTest" file="/home/davee3/dbwebb-kurser/mvc/me/report/tests/Card/CardDeckTest.php" line="68" assertions="3" time="0.042267"/>
      <testcase name="testCardCount" class="CardDeckTest" classname="CardDeckTest" file="/home/davee3/dbwebb-kurser/mvc/me/report/tests/Card/CardDeckTest.php" line="79" assertions="9" time="0.000787"/>
    </testsuite>
    <testsuite name="App\Card\CardGraphicTwoTest" file="/home/davee3/dbwebb-kurser/mvc/me/report/tests/Card/CardGraphicTwoTest.php" tests="1" assertions="3" errors="0" warnings="0" failures="0" skipped="0" time="0.000469">
      <testcase name="testGetCardImage" class="App\Card\CardGraphicTwoTest" classname="App.Card.CardGraphicTwoTest" file="/home/davee3/dbwebb-kurser/mvc/me/report/tests/Card/CardGraphicTwoTest.php" line="15" assertions="3" time="0.000469"/>
    </testsuite>
    <testsuite name="App\Card\CardTest" file="/home/davee3/dbwebb-kurser/mvc/me/report/tests/Card/CardTest.php" tests="7" assertions="7" errors="0" warnings="0" failures="0" skipped="0" time="0.002428">
      <testcase name="testGetSuit" class="App\Card\CardTest" classname="App.Card.CardTest" file="/home/davee3/dbwebb-kurser/mvc/me/report/tests/Card/CardTest.php" line="13" assertions="1" time="0.000370"/>
      <testcase name="testGetRank" class="App\Card\CardTest" classname="App.Card.CardTest" file="/home/davee3/dbwebb-kurser/mvc/me/report/tests/Card/CardTest.php" line="20" assertions="1" time="0.000351"/>
      <testcase name="testGetValueForNumericRank" class="App\Card\CardTest" classname="App.Card.CardTest" file="/home/davee3/dbwebb-kurser/mvc/me/report/tests/Card/CardTest.php" line="27" assertions="1" time="0.000342"/>
      <testcase name="testGetValueForSpecialRank" class="App\Card\CardTest" classname="App.Card.CardTest" file="/home/davee3/dbwebb-kurser/mvc/me/report/tests/Card/CardTest.php" line="34" assertions="1" time="0.000382"/>
      <testcase name="testGetValue2ForSpecialRank" class="App\Card\CardTest" classname="App.Card.CardTest" file="/home/davee3/dbwebb-kurser/mvc/me/report/tests/Card/CardTest.php" line="41" assertions="1" time="0.000327"/>
      <testcase name="testToString" class="App\Card\CardTest" classname="App.Card.CardTest" file="/home/davee3/dbwebb-kurser/mvc/me/report/tests/Card/CardTest.php" line="48" assertions="1" time="0.000327"/>
      <testcase name="testToArray" class="App\Card\CardTest" classname="App.Card.CardTest" file="/home/davee3/dbwebb-kurser/mvc/me/report/tests/Card/CardTest.php" line="56" assertions="1" time="0.000328"/>
    </testsuite>
    <testsuite name="DeckTest" file="/home/davee3/dbwebb-kurser/mvc/me/report/tests/DeckTest.php" tests="1" assertions="156" errors="0" warnings="0" failures="0" skipped="0" time="0.001502">
      <testcase name="testGetCards" class="DeckTest" classname="DeckTest" file="/home/davee3/dbwebb-kurser/mvc/me/report/tests/DeckTest.php" line="10" assertions="156" time="0.001502"/>
    </testsuite>
    <testsuite name="App\Dice\DiceTest" file="/home/davee3/dbwebb-kurser/mvc/me/report/tests/Dice/DiceTest.php" tests="1" assertions="2" errors="0" warnings="0" failures="0" skipped="0" time="0.000513">
      <testcase name="testCreateDice" class="App\Dice\DiceTest" classname="App.Dice.DiceTest" file="/home/davee3/dbwebb-kurser/mvc/me/report/tests/Dice/DiceTest.php" line="16" assertions="2" time="0.000513"/>
    </testsuite>
    <testsuite name="PlayerTest" file="/home/davee3/dbwebb-kurser/mvc/me/report/tests/Game/PlayerTest.php" tests="13" assertions="23" errors="0" warnings="0" failures="0" skipped="0" time="0.005541">
      <testcase name="testGetHand" class="PlayerTest" classname="PlayerTest" file="/home/davee3/dbwebb-kurser/mvc/me/report/tests/Game/PlayerTest.php" line="11" assertions="2" time="0.000588"/>
      <testcase name="testAddCard" class="PlayerTest" classname="PlayerTest" file="/home/davee3/dbwebb-kurser/mvc/me/report/tests/Game/PlayerTest.php" line="18" assertions="1" time="0.000422"/>
      <testcase name="testResetHand" class="PlayerTest" classname="PlayerTest" file="/home/davee3/dbwebb-kurser/mvc/me/report/tests/Game/PlayerTest.php" line="26" assertions="2" time="0.000382"/>
      <testcase name="testGetHandValue" class="PlayerTest" classname="PlayerTest" file="/home/davee3/dbwebb-kurser/mvc/me/report/tests/Game/PlayerTest.php" line="36" assertions="3" time="0.000431"/>
      <testcase name="testGetHandValue2" class="PlayerTest" classname="PlayerTest" file="/home/davee3/dbwebb-kurser/mvc/me/report/tests/Game/PlayerTest.php" line="59" assertions="3" time="0.000478"/>
      <testcase name="testGetName" class="PlayerTest" classname="PlayerTest" file="/home/davee3/dbwebb-kurser/mvc/me/report/tests/Game/PlayerTest.php" line="80" assertions="1" time="0.000368"/>
      <testcase name="testGetHandJson" class="PlayerTest" classname="PlayerTest" file="/home/davee3/dbwebb-kurser/mvc/me/report/tests/Game/PlayerTest.php" line="86" assertions="4" time="0.000465"/>
      <testcase name="testIsBust" class="PlayerTest" classname="PlayerTest" file="/home/davee3/dbwebb-kurser/mvc/me/report/tests/Game/PlayerTest.php" line="99" assertions="1" time="0.000483"/>
      <testcase name="testIsNotBustWithAce" class="PlayerTest" classname="PlayerTest" file="/home/davee3/dbwebb-kurser/mvc/me/report/tests/Game/PlayerTest.php" line="111" assertions="1" time="0.000486"/>
      <testcase name="testGetMoney" class="PlayerTest" classname="PlayerTest" file="/home/davee3/dbwebb-kurser/mvc/me/report/tests/Game/PlayerTest.php" line="123" assertions="1" time="0.000360"/>
      <testcase name="testBetFalse" class="PlayerTest" classname="PlayerTest" file="/home/davee3/dbwebb-kurser/mvc/me/report/tests/Game/PlayerTest.php" line="131" assertions="1" time="0.000350"/>
      <testcase name="testBetTrue" class="PlayerTest" classname="PlayerTest" file="/home/davee3/dbwebb-kurser/mvc/me/report/tests/Game/PlayerTest.php" line="139" assertions="2" time="0.000340"/>
      <testcase name="testUpdateMoney" class="PlayerTest" classname="PlayerTest" file="/home/davee3/dbwebb-kurser/mvc/me/report/tests/Game/PlayerTest.php" line="148" assertions="1" time="0.000389"/>
    </testsuite>
    <testsuite name="App\Dice\TjugoEttGameTest" file="/home/davee3/dbwebb-kurser/mvc/me/report/tests/Game/TjugoEttGameTest.php" tests="12" assertions="14" errors="0" warnings="0" failures="0" skipped="0" time="0.007893">
      <testcase name="testGameStart" class="App\Dice\TjugoEttGameTest" classname="App.Dice.TjugoEttGameTest" file="/home/davee3/dbwebb-kurser/mvc/me/report/tests/Game/TjugoEttGameTest.php" line="22" assertions="1" time="0.000730"/>
      <testcase name="testPlayerHits" class="App\Dice\TjugoEttGameTest" classname="App.Dice.TjugoEttGameTest" file="/home/davee3/dbwebb-kurser/mvc/me/report/tests/Game/TjugoEttGameTest.php" line="31" assertions="3" time="0.000651"/>
      <testcase name="testPlayerStands" class="App\Dice\TjugoEttGameTest" classname="App.Dice.TjugoEttGameTest" file="/home/davee3/dbwebb-kurser/mvc/me/report/tests/Game/TjugoEttGameTest.php" line="47" assertions="1" time="0.000547"/>
      <testcase name="testPlayerBets" class="App\Dice\TjugoEttGameTest" classname="App.Dice.TjugoEttGameTest" file="/home/davee3/dbwebb-kurser/mvc/me/report/tests/Game/TjugoEttGameTest.php" line="58" assertions="1" time="0.000502"/>
      <testcase name="testPlayerWinsRound" class="App\Dice\TjugoEttGameTest" classname="App.Dice.TjugoEttGameTest" file="/home/davee3/dbwebb-kurser/mvc/me/report/tests/Game/TjugoEttGameTest.php" line="69" assertions="1" time="0.000669"/>
      <testcase name="testBankerWinsRound" class="App\Dice\TjugoEttGameTest" classname="App.Dice.TjugoEttGameTest" file="/home/davee3/dbwebb-kurser/mvc/me/report/tests/Game/TjugoEttGameTest.php" line="88" assertions="1" time="0.000575"/>
      <testcase name="testPlayerIsBust" class="App\Dice\TjugoEttGameTest" classname="App.Dice.TjugoEttGameTest" file="/home/davee3/dbwebb-kurser/mvc/me/report/tests/Game/TjugoEttGameTest.php" line="107" assertions="1" time="0.000658"/>
      <testcase name="test21Draw" class="App\Dice\TjugoEttGameTest" classname="App.Dice.TjugoEttGameTest" file="/home/davee3/dbwebb-kurser/mvc/me/report/tests/Game/TjugoEttGameTest.php" line="139" assertions="1" time="0.000646"/>
      <testcase name="testBothIsBust" class="App\Dice\TjugoEttGameTest" classname="App.Dice.TjugoEttGameTest" file="/home/davee3/dbwebb-kurser/mvc/me/report/tests/Game/TjugoEttGameTest.php" line="163" assertions="1" time="0.000582"/>
      <testcase name="testHittingIntoBustDefaultsToStanding" class="App\Dice\TjugoEttGameTest" classname="App.Dice.TjugoEttGameTest" file="/home/davee3/dbwebb-kurser/mvc/me/report/tests/Game/TjugoEttGameTest.php" line="186" assertions="1" time="0.000729"/>
      <testcase name="testBustProbability100" class="App\Dice\TjugoEttGameTest" classname="App.Dice.TjugoEttGameTest" file="/home/davee3/dbwebb-kurser/mvc/me/report/tests/Game/TjugoEttGameTest.php" line="201" assertions="1" time="0.000723"/>
      <testcase name="testBustProbability0WithAce" class="App\Dice\TjugoEttGameTest" classname="App.Dice.TjugoEttGameTest" file="/home/davee3/dbwebb-kurser/mvc/me/report/tests/Game/TjugoEttGameTest.php" line="219" assertions="1" time="0.000882"/>
    </testsuite>
  </testsuite>
</testsuites>
